c:\users\drmsk\documents\github\invernaderoproject\proyectoinvernadero\release\vc140.pdb
c:\users\drmsk\documents\github\invernaderoproject\proyectoinvernadero\release\invernadero.obj
c:\users\drmsk\documents\github\invernaderoproject\proyectoinvernadero\release\controlapplicationinterface.obj
c:\users\drmsk\documents\github\invernaderoproject\proyectoinvernadero\release\.netframework,version=v4.6.assemblyattributes.obj
c:\users\drmsk\documents\github\invernaderoproject\proyectoinvernadero\release\.netframework,version=v4.6.assemblyattributes.asm
c:\users\drmsk\documents\github\invernaderoproject\release\proyectoinvernadero.exe
c:\users\drmsk\documents\github\invernaderoproject\release\proyectoinvernadero.pdb
c:\users\drmsk\documents\github\invernaderoproject\proyectoinvernadero\release\proyectoinvernadero.controlapplicationinterface.resources
c:\users\drmsk\documents\github\invernaderoproject\proyectoinvernadero\release\proyectoinvernadero.vcxproj.generateresource.cache
c:\users\drmsk\documents\github\invernaderoproject\proyectoinvernadero\release\proyectoinvernadero.vcxprojresolveassemblyreference.cache
c:\users\drmsk\documents\github\invernaderoproject\proyectoinvernadero\release\proyecto.9228dfdf.tlog\cl.command.1.tlog
c:\users\drmsk\documents\github\invernaderoproject\proyectoinvernadero\release\proyecto.9228dfdf.tlog\cl.read.1.tlog
c:\users\drmsk\documents\github\invernaderoproject\proyectoinvernadero\release\proyecto.9228dfdf.tlog\cl.write.1.tlog
c:\users\drmsk\documents\github\invernaderoproject\proyectoinvernadero\release\proyecto.9228dfdf.tlog\link.command.1.tlog
c:\users\drmsk\documents\github\invernaderoproject\proyectoinvernadero\release\proyecto.9228dfdf.tlog\link.read.1.tlog
c:\users\drmsk\documents\github\invernaderoproject\proyectoinvernadero\release\proyecto.9228dfdf.tlog\link.write.1.tlog
c:\users\drmsk\documents\github\invernaderoproject\proyectoinvernadero\release\proyecto.9228dfdf.tlog\metagen.read.1.tlog
c:\users\drmsk\documents\github\invernaderoproject\proyectoinvernadero\release\proyecto.9228dfdf.tlog\metagen.write.1.tlog
c:\users\drmsk\documents\github\invernaderoproject\proyectoinvernadero\release\proyecto.9228dfdf.tlog\proyectoinvernadero.write.1u.tlog
c:\users\drmsk\documents\github\invernaderoproject\proyectoinvernadero\release\proyecto.9228dfdf.tlog\tzres.dll.bi
